[debug] [2023-10-04T17:19:41.868Z] ----------------------------------------------------------------------
[debug] [2023-10-04T17:19:41.875Z] Command:       /opt/homebrew/Cellar/node/20.5.1/bin/node /opt/homebrew/bin/firebase init
[debug] [2023-10-04T17:19:41.875Z] CLI Version:   12.6.1
[debug] [2023-10-04T17:19:41.875Z] Platform:      darwin
[debug] [2023-10-04T17:19:41.875Z] Node Version:  v20.5.1
[debug] [2023-10-04T17:19:41.875Z] Time:          Wed Oct 04 2023 20:19:41 GMT+0300 (Arabian Standard Time)
[debug] [2023-10-04T17:19:41.875Z] ----------------------------------------------------------------------
[debug] 
[debug] [2023-10-04T17:19:41.878Z] > command requires scopes: ["email","openid","https://www.googleapis.com/auth/cloudplatformprojects.readonly","https://www.googleapis.com/auth/firebase","https://www.googleapis.com/auth/cloud-platform"]
[debug] [2023-10-04T17:19:41.878Z] > authorizing via signed-in user (renad.alnumay@gmail.com)
[info] 
     ######## #### ########  ######## ########     ###     ######  ########
     ##        ##  ##     ## ##       ##     ##  ##   ##  ##       ##
     ######    ##  ########  ######   ########  #########  ######  ######
     ##        ##  ##    ##  ##       ##     ## ##     ##       ## ##
     ##       #### ##     ## ######## ########  ##     ##  ######  ########

You're about to initialize a Firebase project in this directory:

  /Users/renadalnumay/Documents/GitHub/Baheej-Application

[info] 
=== Project Setup
[info] 
[info] First, let's associate this project directory with a Firebase project.
[info] You can create multiple project aliases by running firebase use --add, 
[info] but for now we'll just set up a default project.
[info] 
[debug] [2023-10-04T17:20:21.035Z] > refreshing access token with scopes: []
[debug] [2023-10-04T17:20:21.038Z] >>> [apiv2][query] POST https://www.googleapis.com/oauth2/v3/token [none]
[debug] [2023-10-04T17:20:21.038Z] >>> [apiv2][body] POST https://www.googleapis.com/oauth2/v3/token [omitted]
[debug] [2023-10-04T17:20:21.553Z] <<< [apiv2][status] POST https://www.googleapis.com/oauth2/v3/token 400
[debug] [2023-10-04T17:20:21.553Z] <<< [apiv2][body] POST https://www.googleapis.com/oauth2/v3/token [omitted]
[debug] [2023-10-04T17:20:21.553Z] >>> [apiv2][query] GET https://firebase.googleapis.com/v1beta1/projects pageSize=100
[debug] [2023-10-04T17:20:22.058Z] <<< [apiv2][status] GET https://firebase.googleapis.com/v1beta1/projects 401
[debug] [2023-10-04T17:20:22.058Z] <<< [apiv2][body] GET https://firebase.googleapis.com/v1beta1/projects [omitted]
[debug] [2023-10-04T17:20:22.059Z] HTTP Error: 401, Request had invalid authentication credentials. Expected OAuth 2 access token, login cookie or other valid authentication credential. See https://developers.google.com/identity/sign-in/web/devconsole-project.
[debug] [2023-10-04T17:20:22.517Z] FirebaseError: HTTP Error: 401, Request had invalid authentication credentials. Expected OAuth 2 access token, login cookie or other valid authentication credential. See https://developers.google.com/identity/sign-in/web/devconsole-project.
    at responseToError (/opt/homebrew/lib/node_modules/firebase-tools/lib/responseToError.js:49:12)
    at RetryOperation._fn (/opt/homebrew/lib/node_modules/firebase-tools/lib/apiv2.js:285:77)
    at process.processTicksAndRejections (node:internal/process/task_queues:95:5)
[error] 
[error] Error: Failed to list Firebase projects. See firebase-debug.log for more info.
